mode: set
go-grpc/internal/usecases/sample/hello_add_text_sample.go:22.63,24.2 1 1
go-grpc/internal/usecases/sample/hello_add_text_sample.go:26.133,28.38 1 1
go-grpc/internal/usecases/sample/hello_add_text_sample.go:28.38,30.3 1 1
go-grpc/internal/usecases/sample/hello_add_text_sample.go:32.2,34.56 2 1
go-grpc/internal/usecases/sample/hello_bidirectional_stream_sample.go:24.87,26.2 1 1
go-grpc/internal/usecases/sample/hello_bidirectional_stream_sample.go:28.174,29.6 1 1
go-grpc/internal/usecases/sample/hello_bidirectional_stream_sample.go:29.6,31.29 2 1
go-grpc/internal/usecases/sample/hello_bidirectional_stream_sample.go:31.29,33.4 1 1
go-grpc/internal/usecases/sample/hello_bidirectional_stream_sample.go:34.3,34.17 1 1
go-grpc/internal/usecases/sample/hello_bidirectional_stream_sample.go:34.17,36.4 1 1
go-grpc/internal/usecases/sample/hello_bidirectional_stream_sample.go:39.3,39.40 1 1
go-grpc/internal/usecases/sample/hello_bidirectional_stream_sample.go:39.40,41.4 1 1
go-grpc/internal/usecases/sample/hello_bidirectional_stream_sample.go:43.3,44.93 2 1
go-grpc/internal/usecases/sample/hello_bidirectional_stream_sample.go:44.93,46.4 1 1
go-grpc/internal/usecases/sample/hello_client_stream_sample.go:24.73,26.2 1 1
go-grpc/internal/usecases/sample/hello_client_stream_sample.go:28.155,31.6 2 1
go-grpc/internal/usecases/sample/hello_client_stream_sample.go:31.6,33.29 2 1
go-grpc/internal/usecases/sample/hello_client_stream_sample.go:33.29,36.4 2 1
go-grpc/internal/usecases/sample/hello_client_stream_sample.go:37.3,37.17 1 1
go-grpc/internal/usecases/sample/hello_client_stream_sample.go:37.17,39.4 1 1
go-grpc/internal/usecases/sample/hello_client_stream_sample.go:42.3,42.40 1 1
go-grpc/internal/usecases/sample/hello_client_stream_sample.go:42.40,44.4 1 1
go-grpc/internal/usecases/sample/hello_client_stream_sample.go:46.3,46.45 1 1
go-grpc/internal/usecases/sample/hello_sample.go:23.22,27.2 1 1
go-grpc/internal/usecases/sample/hello_sample.go:29.101,31.16 2 1
go-grpc/internal/usecases/sample/hello_sample.go:31.16,33.3 1 1
go-grpc/internal/usecases/sample/hello_sample.go:35.2,35.50 1 1
go-grpc/internal/usecases/sample/hello_server_stream_sample.go:23.73,25.2 1 1
go-grpc/internal/usecases/sample/hello_server_stream_sample.go:27.159,29.38 1 1
go-grpc/internal/usecases/sample/hello_server_stream_sample.go:29.38,31.3 1 1
go-grpc/internal/usecases/sample/hello_server_stream_sample.go:33.2,34.32 2 1
go-grpc/internal/usecases/sample/hello_server_stream_sample.go:34.32,39.17 1 1
go-grpc/internal/usecases/sample/hello_server_stream_sample.go:39.17,41.4 1 1
go-grpc/internal/usecases/sample/hello_server_stream_sample.go:42.3,42.30 1 1
go-grpc/internal/usecases/sample/hello_server_stream_sample.go:45.2,45.12 1 1
