mode: set
go-grpc/internal/usecases/sample/hello_add_text_sample.go:22.63,24.2 1 1
go-grpc/internal/usecases/sample/hello_add_text_sample.go:26.133,28.38 1 1
go-grpc/internal/usecases/sample/hello_add_text_sample.go:28.38,30.3 1 1
go-grpc/internal/usecases/sample/hello_add_text_sample.go:32.2,34.56 2 1
go-grpc/internal/usecases/sample/hello_sample.go:24.22,28.2 1 1
go-grpc/internal/usecases/sample/hello_sample.go:30.101,32.16 2 1
go-grpc/internal/usecases/sample/hello_sample.go:32.16,34.3 1 1
go-grpc/internal/usecases/sample/hello_sample.go:36.2,36.50 1 1
